<?xml version="1.0" encoding="UTF-8"?>
<testng-results skipped="0" failed="0" ignored="0" total="1" passed="1">
  <reporter-output>
  </reporter-output>
  <suite name="Suite" duration-ms="40795" started-at="2018-08-18T03:39:39Z" finished-at="2018-08-18T03:40:19Z">
    <groups>
    </groups>
    <test name="Test" duration-ms="40795" started-at="2018-08-18T03:39:39Z" finished-at="2018-08-18T03:40:19Z">
      <class name="homework.Leads">
        <test-method status="PASS" signature="main()[pri:0, instance:homework.Leads@343f4d3d]" name="main" duration-ms="40650" started-at="2018-08-18T03:39:39Z" finished-at="2018-08-18T03:40:19Z">
          <reporter-output>
          </reporter-output>
        </test-method> <!-- main -->
      </class> <!-- homework.Leads -->
    </test> <!-- Test -->
  </suite> <!-- Suite -->
</testng-results>
